<?xml version="1.0" encoding="UTF-8"?>
<testng-results ignored="0" total="1" passed="1" failed="0" skipped="0">
  <reporter-output>
  </reporter-output>
  <suite started-at="2022-07-15T11:39:28 IST" name="Broken Link Test" finished-at="2022-07-15T11:41:26 IST" duration-ms="118336">
    <groups>
    </groups>
    <test started-at="2022-07-15T11:39:28 IST" name="Broken Link Test" finished-at="2022-07-15T11:41:26 IST" duration-ms="118336">
      <class name="brokenLinks.BrokenLinks">
        <test-method is-config="true" signature="beforeMethod()[pri:0, instance:brokenLinks.BrokenLinks@47e2e487]" started-at="2022-07-15T11:39:23 IST" name="beforeMethod" finished-at="2022-07-15T11:39:28 IST" duration-ms="4530" status="PASS">
          <reporter-output>
          </reporter-output>
        </test-method> <!-- beforeMethod -->
        <test-method is-config="true" signature="testMethodName(java.lang.reflect.Method)[pri:0, instance:brokenLinks.BrokenLinks@47e2e487]" started-at="2022-07-15T11:39:28 IST" name="testMethodName" finished-at="2022-07-15T11:39:28 IST" duration-ms="17" status="PASS">
          <params>
            <param index="0">
              <value>
                <![CDATA[public void brokenLinks.BrokenLinks.brokenLinks() throws org.apache.poi.EncryptedDocumentException,org.apache.poi.openxml4j.exceptions.InvalidFormatException,java.io.IOException]]>
              </value>
            </param>
          </params>
          <reporter-output>
          </reporter-output>
        </test-method> <!-- testMethodName -->
        <test-method signature="brokenLinks()[pri:0, instance:brokenLinks.BrokenLinks@47e2e487]" started-at="2022-07-15T11:39:28 IST" name="brokenLinks" finished-at="2022-07-15T11:41:26 IST" duration-ms="117992" status="PASS">
          <reporter-output>
          </reporter-output>
        </test-method> <!-- brokenLinks -->
        <test-method is-config="true" signature="getResult(org.testng.ITestResult)[pri:0, instance:brokenLinks.BrokenLinks@47e2e487]" started-at="2022-07-15T11:41:26 IST" name="getResult" finished-at="2022-07-15T11:41:26 IST" duration-ms="211" status="PASS">
          <params>
            <param index="0">
              <value>
                <![CDATA[[TestResult name=brokenLinks status=SUCCESS method=BrokenLinks.brokenLinks()[pri:0, instance:brokenLinks.BrokenLinks@47e2e487] output={null}]]]>
              </value>
            </param>
          </params>
          <reporter-output>
          </reporter-output>
        </test-method> <!-- getResult -->
        <test-method is-config="true" signature="Complete()[pri:0, instance:brokenLinks.BrokenLinks@47e2e487]" started-at="2022-07-15T11:41:26 IST" name="Complete" finished-at="2022-07-15T11:41:26 IST" duration-ms="304" status="PASS">
          <reporter-output>
          </reporter-output>
        </test-method> <!-- Complete -->
      </class> <!-- brokenLinks.BrokenLinks -->
    </test> <!-- Broken Link Test -->
  </suite> <!-- Broken Link Test -->
</testng-results>
